2024-06-04T08:25:19.165Z GET /ads
2024-06-04T08:25:34.609Z GET /heartbeat
2024-06-04T08:25:45.428Z GET /ads/665ec8b72d1deef1d3efbe53
2024-06-04T08:28:44.286Z POST /ads/add
2024-06-04T09:13:45.904Z GET /something
2024-06-04T09:14:03.250Z GET /
2024-06-04T09:15:53.649Z GET /something
2024-06-04T09:16:17.873Z GET /something
2024-06-04T09:16:36.595Z GET /
2024-06-04T09:17:20.652Z GET /something
2024-06-04T09:17:25.525Z GET /
2024-06-04T09:17:25.547Z GET /favicon.ico
2024-06-04T09:18:17.384Z GET /
2024-06-04T09:18:25.679Z GET /ads
2024-06-04T09:18:33.382Z GET /
2024-06-04T09:18:38.434Z GET /
2024-06-04T09:20:45.668Z GET /something
2024-06-04T09:27:21.502Z GET /something
2024-06-04T15:35:43.737Z GET /ads/search
2024-06-04T15:36:08.544Z GET /ads/search?category=Automotive
2024-06-04T15:36:16.707Z GET /heartbeat
2024-06-04T15:36:41.103Z GET /ads/665f0894c135da160dd8bae3
2024-06-04T15:38:21.950Z POST /ads/add
2024-06-04T15:38:49.939Z POST /ads/add
2024-06-04T15:39:44.370Z POST /ads/add
2024-06-06T07:46:17.540Z GET /ads/search?category=Art&author=John
2024-06-06T07:47:05.411Z GET /ads/search
2024-06-06T07:49:44.898Z GET /ads/search?isAScam=true&author=John
2024-06-06T07:50:03.952Z GET /ads/search?category=Art
2024-06-06T07:51:46.215Z POST /ads/add
2024-06-06T07:53:09.471Z PUT /ads/665f0894c135da160dd8bae3
